"Start of log file."
"C:/Users/alvar/DOCUME~1/Trabajos/SEMEST~2/BIOMED~1/MBVA/Assets/Models/CHARAC~1/RP_ERI~4.MAX"
"Starting max loading and fbx conversion"
window = undefined
"Settings units"
"Before fbx export"
"After fbx export"
"Finished max loading and fbx conversion"
"C:/Users/alvar/DOCUME~1/Trabajos/SEMEST~2/BIOMED~1/MBVA/Assets/Models/CHARAC~1/RP2E8C~1.MAX"
"Starting max loading and fbx conversion"
window = undefined
"Settings units"
"Before fbx export"
"After fbx export"
"Finished max loading and fbx conversion"
"C:/Users/alvar/DOCUME~1/Trabajos/SEMEST~2/BIOMED~1/MBVA/Assets/Models/CHARAC~1/RP02A8~1.MAX"
"Starting max loading and fbx conversion"
window = undefined
"Settings units"
"Before fbx export"
"After fbx export"
"Finished max loading and fbx conversion"
"C:/Users/alvar/DOCUME~1/Trabajos/SEMEST~2/BIOMED~1/MBVA/Assets/Models/CHARAC~1/RP040E~1.MAX"
"Starting max loading and fbx conversion"
window = undefined
"Settings units"
"Before fbx export"
"After fbx export"
"Finished max loading and fbx conversion"
"C:/Users/alvar/DOCUME~1/Trabajos/SEMEST~2/BIOMED~1/MBVA/Assets/Models/CHARAC~1/RP6AE5~1.MAX"
"Starting max loading and fbx conversion"
window = undefined
"Settings units"
"Before fbx export"
"After fbx export"
"Finished max loading and fbx conversion"
"C:/Users/alvar/DOCUME~1/Trabajos/SEMEST~2/BIOMED~1/MBVA/Assets/Models/CHARAC~1/RP_ERI~2.MAX"
"Starting max loading and fbx conversion"
window = undefined
"Settings units"
"Before fbx export"
"After fbx export"
"Finished max loading and fbx conversion"
"C:/Users/alvar/DOCUME~1/Trabajos/SEMEST~2/BIOMED~1/MBVA/Assets/Models/CHARAC~1/RP_ERI~1.MAX"
"Starting max loading and fbx conversion"
window = undefined
"Settings units"
"Before fbx export"
"After fbx export"
"Finished max loading and fbx conversion"
"C:/Users/alvar/DOCUME~1/Trabajos/SEMEST~2/BIOMED~1/MBVA/Assets/Models/CHARAC~1/RP_ERI~3.MAX"
"Starting max loading and fbx conversion"
window = undefined
"Settings units"
"Before fbx export"
"After fbx export"
"Finished max loading and fbx conversion"
